c:\users\felipe l\desktop\u-tad\arquitectura\game\finalgame\final\finalarchitecture\comp_simple\debug\comportamientos.pch
c:\users\felipe l\desktop\u-tad\arquitectura\game\finalgame\final\finalarchitecture\comp_simple\debug\stdafx.obj
c:\users\felipe l\desktop\u-tad\arquitectura\game\finalgame\final\finalarchitecture\comp_simple\debug\scenemanager.obj
c:\users\felipe l\desktop\u-tad\arquitectura\game\finalgame\final\finalarchitecture\comp_simple\debug\gamescenemainmenu2.obj
c:\users\felipe l\desktop\u-tad\arquitectura\game\finalgame\final\finalarchitecture\comp_simple\debug\gameplayscene.obj
c:\users\felipe l\desktop\u-tad\arquitectura\game\finalgame\final\finalarchitecture\comp_simple\debug\gamelostscene.obj
c:\users\felipe l\desktop\u-tad\arquitectura\game\finalgame\final\finalarchitecture\comp_simple\debug\gamebasescene2.obj
c:\users\felipe l\desktop\u-tad\arquitectura\game\finalgame\final\finalarchitecture\comp_simple\debug\inputmanager2.obj
c:\users\felipe l\desktop\u-tad\arquitectura\game\finalgame\final\finalarchitecture\comp_simple\debug\game.obj
c:\users\felipe l\desktop\u-tad\arquitectura\game\finalgame\final\finalarchitecture\comp_simple\debug\entity2.obj
c:\users\felipe l\desktop\u-tad\arquitectura\game\finalgame\final\finalarchitecture\comp_simple\debug\velocity.obj
c:\users\felipe l\desktop\u-tad\arquitectura\game\finalgame\final\finalarchitecture\comp_simple\debug\transform.obj
c:\users\felipe l\desktop\u-tad\arquitectura\game\finalgame\final\finalarchitecture\comp_simple\debug\text.obj
c:\users\felipe l\desktop\u-tad\arquitectura\game\finalgame\final\finalarchitecture\comp_simple\debug\gameovercontroller.obj
c:\users\felipe l\desktop\u-tad\arquitectura\game\finalgame\final\finalarchitecture\comp_simple\debug\collision.obj
c:\users\felipe l\desktop\u-tad\arquitectura\game\finalgame\final\finalarchitecture\comp_simple\debug\button.obj
c:\users\felipe l\desktop\u-tad\arquitectura\game\finalgame\final\finalarchitecture\comp_simple\debug\animator.obj
c:\users\felipe l\desktop\u-tad\arquitectura\game\finalgame\final\finalarchitecture\comp_simple\debug\aicontroller.obj
c:\users\felipe l\desktop\u-tad\arquitectura\game\finalgame\final\finalarchitecture\comp_simple\debug\graphics.obj
c:\users\felipe l\desktop\u-tad\arquitectura\game\finalgame\final\finalarchitecture\comp_simple\debug\gamesprite.obj
c:\users\felipe l\desktop\u-tad\arquitectura\game\finalgame\final\finalarchitecture\comp_simple\debug\collidemanagersimple.obj
c:\users\felipe l\desktop\u-tad\arquitectura\game\finalgame\final\finalarchitecture\comp_simple\debug\comportamientos.obj
c:\users\felipe l\desktop\u-tad\arquitectura\game\finalgame\final\finalarchitecture\comp_simple\debug\loadlib.obj
c:\users\felipe l\desktop\u-tad\arquitectura\game\finalgame\final\finalarchitecture\comp_simple\debug\lmem.obj
c:\users\felipe l\desktop\u-tad\arquitectura\game\finalgame\final\finalarchitecture\comp_simple\debug\lmathlib.obj
c:\users\felipe l\desktop\u-tad\arquitectura\game\finalgame\final\finalarchitecture\comp_simple\debug\llex.obj
c:\users\felipe l\desktop\u-tad\arquitectura\game\finalgame\final\finalarchitecture\comp_simple\debug\liolib.obj
c:\users\felipe l\desktop\u-tad\arquitectura\game\finalgame\final\finalarchitecture\comp_simple\debug\linit.obj
c:\users\felipe l\desktop\u-tad\arquitectura\game\finalgame\final\finalarchitecture\comp_simple\debug\lgc.obj
c:\users\felipe l\desktop\u-tad\arquitectura\game\finalgame\final\finalarchitecture\comp_simple\debug\lfunc.obj
c:\users\felipe l\desktop\u-tad\arquitectura\game\finalgame\final\finalarchitecture\comp_simple\debug\ldump.obj
c:\users\felipe l\desktop\u-tad\arquitectura\game\finalgame\final\finalarchitecture\comp_simple\debug\ldo.obj
c:\users\felipe l\desktop\u-tad\arquitectura\game\finalgame\final\finalarchitecture\comp_simple\debug\ldebug.obj
c:\users\felipe l\desktop\u-tad\arquitectura\game\finalgame\final\finalarchitecture\comp_simple\debug\ldblib.obj
c:\users\felipe l\desktop\u-tad\arquitectura\game\finalgame\final\finalarchitecture\comp_simple\debug\lctype.obj
c:\users\felipe l\desktop\u-tad\arquitectura\game\finalgame\final\finalarchitecture\comp_simple\debug\lcorolib.obj
c:\users\felipe l\desktop\u-tad\arquitectura\game\finalgame\final\finalarchitecture\comp_simple\debug\lcode.obj
c:\users\felipe l\desktop\u-tad\arquitectura\game\finalgame\final\finalarchitecture\comp_simple\debug\lbitlib.obj
c:\users\felipe l\desktop\u-tad\arquitectura\game\finalgame\final\finalarchitecture\comp_simple\debug\lbaselib.obj
c:\users\felipe l\desktop\u-tad\arquitectura\game\finalgame\final\finalarchitecture\comp_simple\debug\lauxlib.obj
c:\users\felipe l\desktop\u-tad\arquitectura\game\finalgame\final\finalarchitecture\comp_simple\debug\lapi.obj
c:\users\felipe l\desktop\u-tad\arquitectura\game\finalgame\final\finalarchitecture\comp_simple\debug\stb_image.obj
c:\users\felipe l\desktop\u-tad\arquitectura\game\finalgame\final\finalarchitecture\comp_simple\debug\font.obj
c:\users\felipe l\desktop\u-tad\arquitectura\game\finalgame\final\finalarchitecture\comp_simple\debug\emitter.obj
c:\users\felipe l\desktop\u-tad\arquitectura\game\finalgame\final\finalarchitecture\comp_simple\debug\collisionpixeldata.obj
c:\users\felipe l\desktop\u-tad\arquitectura\game\finalgame\final\finalarchitecture\comp_simple\debug\collisionmanager.obj
c:\users\felipe l\desktop\u-tad\arquitectura\game\finalgame\final\finalarchitecture\comp_simple\debug\camera.obj
c:\users\felipe l\desktop\u-tad\arquitectura\game\finalgame\final\finalarchitecture\comp_simple\debug\bone.obj
c:\users\felipe l\desktop\u-tad\arquitectura\game\finalgame\final\finalarchitecture\comp_simple\debug\lzio.obj
c:\users\felipe l\desktop\u-tad\arquitectura\game\finalgame\final\finalarchitecture\comp_simple\debug\lvm.obj
c:\users\felipe l\desktop\u-tad\arquitectura\game\finalgame\final\finalarchitecture\comp_simple\debug\lutf8lib.obj
c:\users\felipe l\desktop\u-tad\arquitectura\game\finalgame\final\finalarchitecture\comp_simple\debug\lundump.obj
c:\users\felipe l\desktop\u-tad\arquitectura\game\finalgame\final\finalarchitecture\comp_simple\debug\ltm.obj
c:\users\felipe l\desktop\u-tad\arquitectura\game\finalgame\final\finalarchitecture\comp_simple\debug\ltablib.obj
c:\users\felipe l\desktop\u-tad\arquitectura\game\finalgame\final\finalarchitecture\comp_simple\debug\ltable.obj
c:\users\felipe l\desktop\u-tad\arquitectura\game\finalgame\final\finalarchitecture\comp_simple\debug\lstrlib.obj
c:\users\felipe l\desktop\u-tad\arquitectura\game\finalgame\final\finalarchitecture\comp_simple\debug\lstring.obj
c:\users\felipe l\desktop\u-tad\arquitectura\game\finalgame\final\finalarchitecture\comp_simple\debug\lstate.obj
c:\users\felipe l\desktop\u-tad\arquitectura\game\finalgame\final\finalarchitecture\comp_simple\debug\lparser.obj
c:\users\felipe l\desktop\u-tad\arquitectura\game\finalgame\final\finalarchitecture\comp_simple\debug\loslib.obj
c:\users\felipe l\desktop\u-tad\arquitectura\game\finalgame\final\finalarchitecture\comp_simple\debug\lopcodes.obj
c:\users\felipe l\desktop\u-tad\arquitectura\game\finalgame\final\finalarchitecture\comp_simple\debug\lobject.obj
c:\users\felipe l\desktop\u-tad\arquitectura\game\finalgame\final\finalarchitecture\comp_simple\debug\vector2d.obj
c:\users\felipe l\desktop\u-tad\arquitectura\game\finalgame\final\finalarchitecture\comp_simple\debug\leaks_windows.obj
c:\users\felipe l\desktop\u-tad\arquitectura\game\finalgame\final\finalarchitecture\comp_simple\debug\leaks.obj
c:\users\felipe l\desktop\u-tad\arquitectura\game\finalgame\final\finalarchitecture\comp_simple\debug\json.obj
c:\users\felipe l\desktop\u-tad\arquitectura\game\finalgame\final\finalarchitecture\comp_simple\debug\sprite.obj
c:\users\felipe l\desktop\u-tad\arquitectura\game\finalgame\final\finalarchitecture\comp_simple\debug\skeletonsprite.obj
c:\users\felipe l\desktop\u-tad\arquitectura\game\finalgame\final\finalarchitecture\comp_simple\debug\skeletondata.obj
c:\users\felipe l\desktop\u-tad\arquitectura\game\finalgame\final\finalarchitecture\comp_simple\debug\screen.obj
c:\users\felipe l\desktop\u-tad\arquitectura\game\finalgame\final\finalarchitecture\comp_simple\debug\scene.obj
c:\users\felipe l\desktop\u-tad\arquitectura\game\finalgame\final\finalarchitecture\comp_simple\debug\resourcemanager.obj
c:\users\felipe l\desktop\u-tad\arquitectura\game\finalgame\final\finalarchitecture\comp_simple\debug\renderer.obj
c:\users\felipe l\desktop\u-tad\arquitectura\game\finalgame\final\finalarchitecture\comp_simple\debug\particle.obj
c:\users\felipe l\desktop\u-tad\arquitectura\game\finalgame\final\finalarchitecture\comp_simple\debug\parallaxscene.obj
c:\users\felipe l\desktop\u-tad\arquitectura\game\finalgame\final\finalarchitecture\comp_simple\debug\math.obj
c:\users\felipe l\desktop\u-tad\arquitectura\game\finalgame\final\finalarchitecture\comp_simple\debug\mapscene.obj
c:\users\felipe l\desktop\u-tad\arquitectura\game\finalgame\final\finalarchitecture\comp_simple\debug\map.obj
c:\users\felipe l\desktop\u-tad\arquitectura\game\finalgame\final\finalarchitecture\comp_simple\debug\isometricsprite.obj
c:\users\felipe l\desktop\u-tad\arquitectura\game\finalgame\final\finalarchitecture\comp_simple\debug\isometricscene.obj
c:\users\felipe l\desktop\u-tad\arquitectura\game\finalgame\final\finalarchitecture\comp_simple\debug\isometricmap.obj
c:\users\felipe l\desktop\u-tad\arquitectura\game\finalgame\final\finalarchitecture\comp_simple\debug\image.obj
c:\users\felipe l\desktop\u-tad\arquitectura\game\finalgame\final\finalarchitecture\comp_simple\debug\comportamientos.exe
c:\users\felipe l\desktop\u-tad\arquitectura\game\finalgame\final\finalarchitecture\comp_simple\debug\comportamientos.ilk
c:\users\felipe l\desktop\u-tad\arquitectura\game\finalgame\final\finalarchitecture\comp_simple\debug\comportamientos.pdb
c:\users\felipe l\desktop\u-tad\arquitectura\game\finalgame\final\finalarchitecture\comp_simple\debug\comportamientos.tlog\cl.command.1.tlog
c:\users\felipe l\desktop\u-tad\arquitectura\game\finalgame\final\finalarchitecture\comp_simple\debug\comportamientos.tlog\cl.read.1.tlog
c:\users\felipe l\desktop\u-tad\arquitectura\game\finalgame\final\finalarchitecture\comp_simple\debug\comportamientos.tlog\cl.write.1.tlog
c:\users\felipe l\desktop\u-tad\arquitectura\game\finalgame\final\finalarchitecture\comp_simple\debug\comportamientos.tlog\link.command.1.tlog
c:\users\felipe l\desktop\u-tad\arquitectura\game\finalgame\final\finalarchitecture\comp_simple\debug\comportamientos.tlog\link.read.1.tlog
c:\users\felipe l\desktop\u-tad\arquitectura\game\finalgame\final\finalarchitecture\comp_simple\debug\comportamientos.tlog\link.write.1.tlog
